<?xml version="1.0" encoding="UTF-8"?>
<!-- Generated by org.testng.reporters.JUnitReportReporter -->
<testsuite hostname="DESKTOP-A0PA6AD" failures="0" tests="1" name="scrpts.testcase3" time="0.012" errors="0" timestamp="2022-10-08T17:42:36 IST" skipped="0">
  <testcase classname="scrpts.testcase3" name="tc3" time="0.012"/>
  <system-out>
    <![CDATA[hello python]]>
  </system-out>
</testsuite> <!-- scrpts.testcase3 -->
